
> temporal-workflows@0.2.6 build
> echo '🚀 Building version: v0.2.6-email-validation-gateway-policy' && NEXT_CACHE_DIR=/tmp/next-cache TURBOPACK_CACHE_DIR=/tmp/next-turbo-cache next build

🚀 Building version: v0.2.6-email-validation-gateway-policy
   ▲ Next.js 15.3.2
   - Environments: .env.local

   Creating an optimized production build ...
2025-10-05T21:51:08.760Z next:build:webpack-build using separate compiler workers
2025-10-05T21:51:09.252Z next:jsconfig-paths-plugin tsconfig.json or jsconfig.json paths: { '@/*': [ './src/*' ] }
2025-10-05T21:51:09.252Z next:jsconfig-paths-plugin resolved baseUrl: {
  baseUrl: '/Users/prado/Desktop/Proyectos/Uncodie/Code/Workflows',
  isImplicit: true
}
2025-10-05T21:51:09.256Z next:jsconfig-paths-plugin tsconfig.json or jsconfig.json paths: { '@/*': [ './src/*' ] }
2025-10-05T21:51:09.256Z next:jsconfig-paths-plugin resolved baseUrl: {
  baseUrl: '/Users/prado/Desktop/Proyectos/Uncodie/Code/Workflows',
  isImplicit: true
}
2025-10-05T21:51:09.266Z next:jsconfig-paths-plugin tsconfig.json or jsconfig.json paths: { '@/*': [ './src/*' ] }
2025-10-05T21:51:09.266Z next:jsconfig-paths-plugin resolved baseUrl: {
  baseUrl: '/Users/prado/Desktop/Proyectos/Uncodie/Code/Workflows',
  isImplicit: true
}
2025-10-05T21:51:09.353Z next:build:webpack-build starting compiler server
2025-10-05T21:51:09.353Z next:build:webpack-build starting server compiler
2025-10-05T21:51:09.569Z next:jsconfig-paths-plugin moduleName did not match any paths pattern next-app-loader
2025-10-05T21:51:09.570Z next:jsconfig-paths-plugin moduleName did not match any paths pattern next-app-loader
2025-10-05T21:51:09.570Z next:jsconfig-paths-plugin moduleName did not match any paths pattern next-app-loader
2025-10-05T21:51:09.570Z next:jsconfig-paths-plugin moduleName did not match any paths pattern next-app-loader
2025-10-05T21:51:09.571Z next:jsconfig-paths-plugin moduleName did not match any paths pattern next-app-loader
2025-10-05T21:51:09.571Z next:jsconfig-paths-plugin moduleName did not match any paths pattern next-app-loader
2025-10-05T21:51:09.571Z next:jsconfig-paths-plugin moduleName did not match any paths pattern next-route-loader
2025-10-05T21:51:09.592Z next:jsconfig-paths-plugin moduleName did not match any paths pattern next-app-loader
2025-10-05T21:51:09.592Z next:jsconfig-paths-plugin moduleName did not match any paths pattern next-app-loader
2025-10-05T21:51:09.592Z next:jsconfig-paths-plugin moduleName did not match any paths pattern next-app-loader
2025-10-05T21:51:09.592Z next:jsconfig-paths-plugin moduleName did not match any paths pattern next-app-loader
2025-10-05T21:51:09.592Z next:jsconfig-paths-plugin moduleName did not match any paths pattern next-app-loader
2025-10-05T21:51:09.592Z next:jsconfig-paths-plugin moduleName did not match any paths pattern next-app-loader
2025-10-05T21:51:09.594Z next:jsconfig-paths-plugin moduleName did not match any paths pattern next-app-loader
2025-10-05T21:51:09.594Z next:jsconfig-paths-plugin moduleName did not match any paths pattern next-app-loader
2025-10-05T21:51:09.594Z next:jsconfig-paths-plugin moduleName did not match any paths pattern next-app-loader
2025-10-05T21:51:09.595Z next:jsconfig-paths-plugin moduleName did not match any paths pattern next-app-loader
2025-10-05T21:51:09.595Z next:jsconfig-paths-plugin moduleName did not match any paths pattern next-app-loader
2025-10-05T21:51:09.595Z next:jsconfig-paths-plugin moduleName did not match any paths pattern next-app-loader
2025-10-05T21:51:09.596Z next:jsconfig-paths-plugin moduleName did not match any paths pattern next-app-loader
2025-10-05T21:51:09.596Z next:jsconfig-paths-plugin moduleName did not match any paths pattern next-app-loader
2025-10-05T21:51:09.596Z next:jsconfig-paths-plugin moduleName did not match any paths pattern next-app-loader
2025-10-05T21:51:09.596Z next:jsconfig-paths-plugin moduleName did not match any paths pattern next-app-loader
2025-10-05T21:51:09.596Z next:jsconfig-paths-plugin moduleName did not match any paths pattern next-app-loader
2025-10-05T21:51:09.596Z next:jsconfig-paths-plugin moduleName did not match any paths pattern next-app-loader
2025-10-05T21:51:09.598Z next:jsconfig-paths-plugin moduleName did not match any paths pattern next-route-loader
2025-10-05T21:51:09.598Z next:jsconfig-paths-plugin moduleName did not match any paths pattern next-route-loader
2025-10-05T21:51:09.598Z next:jsconfig-paths-plugin moduleName did not match any paths pattern next-route-loader
2025-10-05T21:51:09.609Z next:jsconfig-paths-plugin moduleName did not match any paths pattern @opentelemetry/api
2025-10-05T21:51:09.610Z next:jsconfig-paths-plugin moduleName did not match any paths pattern next-metadata-route-loader
2025-10-05T21:51:09.620Z next:jsconfig-paths-plugin moduleName did not match any paths pattern next-metadata-route-loader
2025-10-05T21:51:09.620Z next:jsconfig-paths-plugin moduleName did not match any paths pattern next-metadata-route-loader
2025-10-05T21:51:09.621Z next:jsconfig-paths-plugin moduleName did not match any paths pattern next-metadata-route-loader
2025-10-05T21:51:09.622Z next:jsconfig-paths-plugin moduleName did not match any paths pattern @opentelemetry/api
2025-10-05T21:51:09.627Z next:jsconfig-paths-plugin moduleName did not match any paths pattern @opentelemetry/api
2025-10-05T21:51:09.627Z next:jsconfig-paths-plugin moduleName did not match any paths pattern @opentelemetry/api
2025-10-05T21:51:09.642Z next:jsconfig-paths-plugin moduleName did not match any paths pattern next-metadata-image-loader
2025-10-05T21:51:09.642Z next:jsconfig-paths-plugin moduleName did not match any paths pattern next-metadata-image-loader
2025-10-05T21:51:09.651Z next:jsconfig-paths-plugin moduleName did not match any paths pattern react-server-dom-webpack/server.edge
2025-10-05T21:51:09.651Z next:jsconfig-paths-plugin moduleName did not match any paths pattern react-server-dom-webpack/static.edge
2025-10-05T21:51:09.651Z next:jsconfig-paths-plugin skipping request as it is inside node_modules ../server/web/exports/index
2025-10-05T21:51:09.652Z next:jsconfig-paths-plugin moduleName did not match any paths pattern next-metadata-image-loader
2025-10-05T21:51:09.652Z next:jsconfig-paths-plugin moduleName did not match any paths pattern next-metadata-image-loader
2025-10-05T21:51:09.652Z next:jsconfig-paths-plugin moduleName did not match any paths pattern next-metadata-image-loader
2025-10-05T21:51:09.652Z next:jsconfig-paths-plugin moduleName did not match any paths pattern next-metadata-image-loader
2025-10-05T21:51:09.652Z next:jsconfig-paths-plugin moduleName did not match any paths pattern next-metadata-image-loader
2025-10-05T21:51:09.652Z next:jsconfig-paths-plugin moduleName did not match any paths pattern next-metadata-image-loader
2025-10-05T21:51:09.653Z next:jsconfig-paths-plugin moduleName did not match any paths pattern react-server-dom-webpack/server.edge
2025-10-05T21:51:09.653Z next:jsconfig-paths-plugin moduleName did not match any paths pattern react-server-dom-webpack/static.edge
2025-10-05T21:51:09.667Z next:jsconfig-paths-plugin moduleName did not match any paths pattern react-server-dom-webpack/static.edge
2025-10-05T21:51:09.667Z next:jsconfig-paths-plugin moduleName did not match any paths pattern react-server-dom-webpack/server.edge
2025-10-05T21:51:09.667Z next:jsconfig-paths-plugin moduleName did not match any paths pattern react-server-dom-webpack/client.edge
2025-10-05T21:51:09.667Z next:jsconfig-paths-plugin moduleName did not match any paths pattern react-server-dom-webpack/static.edge
2025-10-05T21:51:09.667Z next:jsconfig-paths-plugin moduleName did not match any paths pattern react-server-dom-webpack/server.edge
2025-10-05T21:51:09.667Z next:jsconfig-paths-plugin moduleName did not match any paths pattern react-server-dom-webpack/client.edge
2025-10-05T21:51:09.672Z next:jsconfig-paths-plugin skipping request as it is inside node_modules ../server/web/exports/index
2025-10-05T21:51:09.681Z next:jsconfig-paths-plugin skipping request as it is inside node_modules ../shared/lib/image-external
2025-10-05T21:51:09.682Z next:jsconfig-paths-plugin moduleName did not match any paths pattern server-only
2025-10-05T21:51:09.682Z next:jsconfig-paths-plugin skipping request as it is a relative path ../../../../config/config
2025-10-05T21:51:09.682Z next:jsconfig-paths-plugin skipping request as it is a relative path ../../../../temporal/client
2025-10-05T21:51:09.682Z next:jsconfig-paths-plugin skipping request as it is a relative path ../../../../temporal/workflows
2025-10-05T21:51:09.683Z next:jsconfig-paths-plugin skipping request as it is an absolute path /Users/prado/Desktop/Proyectos/Uncodie/Code/Workflows/src/temporal/client
2025-10-05T21:51:09.683Z next:jsconfig-paths-plugin skipping request as it is an absolute path /Users/prado/Desktop/Proyectos/Uncodie/Code/Workflows/src/config/config
2025-10-05T21:51:09.683Z next:jsconfig-paths-plugin skipping request as it is an absolute path /Users/prado/Desktop/Proyectos/Uncodie/Code/Workflows/src/temporal/client
2025-10-05T21:51:09.685Z next:jsconfig-paths-plugin skipping request as it is a relative path ../../../../config/config
2025-10-05T21:51:09.686Z next:jsconfig-paths-plugin skipping request as it is a relative path ../../../../temporal/client
2025-10-05T21:51:09.686Z next:jsconfig-paths-plugin skipping request as it is a relative path ../../../../temporal/workflows
2025-10-05T21:51:09.692Z next:jsconfig-paths-plugin skipping request as it is inside node_modules ../shared/lib/image-external
2025-10-05T21:51:09.693Z next:jsconfig-paths-plugin skipping request as it is an absolute path /Users/prado/Desktop/Proyectos/Uncodie/Code/Workflows/src/config/config
2025-10-05T21:51:09.694Z next:jsconfig-paths-plugin skipping request as it is an absolute path /Users/prado/Desktop/Proyectos/Uncodie/Code/Workflows/src/temporal/client
2025-10-05T21:51:09.694Z next:jsconfig-paths-plugin skipping request as it is an absolute path /Users/prado/Desktop/Proyectos/Uncodie/Code/Workflows/src/temporal/client
2025-10-05T21:51:09.694Z next:jsconfig-paths-plugin skipping request as it is a relative path ../../../../config/config
2025-10-05T21:51:09.695Z next:jsconfig-paths-plugin skipping request as it is a relative path ../../../../config/config
2025-10-05T21:51:09.695Z next:jsconfig-paths-plugin skipping request as it is an absolute path /Users/prado/Desktop/Proyectos/Uncodie/Code/Workflows/src/config/config
2025-10-05T21:51:09.695Z next:jsconfig-paths-plugin skipping request as it is an absolute path /Users/prado/Desktop/Proyectos/Uncodie/Code/Workflows/src/config/config
2025-10-05T21:51:09.696Z next:jsconfig-paths-plugin skipping request as it is a relative path ../../../../temporal/client
2025-10-05T21:51:09.696Z next:jsconfig-paths-plugin skipping request as it is an absolute path /Users/prado/Desktop/Proyectos/Uncodie/Code/Workflows/src/temporal/client
2025-10-05T21:51:09.696Z next:jsconfig-paths-plugin skipping request as it is an absolute path /Users/prado/Desktop/Proyectos/Uncodie/Code/Workflows/src/temporal/client
2025-10-05T21:51:09.697Z next:jsconfig-paths-plugin skipping request as it is a relative path ../../../../temporal/workflows
2025-10-05T21:51:09.698Z next:jsconfig-paths-plugin skipping request as it is a relative path ../../../../temporal/client
2025-10-05T21:51:09.699Z next:jsconfig-paths-plugin skipping request as it is an absolute path /Users/prado/Desktop/Proyectos/Uncodie/Code/Workflows/src/temporal/client
2025-10-05T21:51:09.699Z next:jsconfig-paths-plugin skipping request as it is an absolute path /Users/prado/Desktop/Proyectos/Uncodie/Code/Workflows/src/temporal/client
2025-10-05T21:51:09.703Z next:jsconfig-paths-plugin moduleName did not match any paths pattern server-only
2025-10-05T21:51:09.704Z next:jsconfig-paths-plugin skipping request as it is a relative path ../../../../temporal/workflows
2025-10-05T21:51:09.713Z next:jsconfig-paths-plugin skipping request as it is a relative path ../../config/config
2025-10-05T21:51:09.713Z next:jsconfig-paths-plugin skipping request as it is a relative path ../../config/config
2025-10-05T21:51:09.713Z next:jsconfig-paths-plugin skipping request as it is a relative path ../../config/config
2025-10-05T21:51:09.713Z next:jsconfig-paths-plugin skipping request as it is a relative path ../../config/config
2025-10-05T21:51:09.715Z next:jsconfig-paths-plugin skipping request as it is a relative path ../config/taskQueues
2025-10-05T21:51:09.715Z next:jsconfig-paths-plugin skipping request as it is a relative path ./cronWorkflow
2025-10-05T21:51:09.715Z next:jsconfig-paths-plugin skipping request as it is a relative path ./cronWorkflow
2025-10-05T21:51:09.715Z next:jsconfig-paths-plugin skipping request as it is a relative path ./syncEmailsWorkflow
2025-10-05T21:51:09.715Z next:jsconfig-paths-plugin skipping request as it is a relative path ./syncEmailsWorkflow
2025-10-05T21:51:09.715Z next:jsconfig-paths-plugin skipping request as it is a relative path ./syncEmailsScheduleWorkflow
2025-10-05T21:51:09.715Z next:jsconfig-paths-plugin skipping request as it is a relative path ./syncEmailsScheduleWorkflow
2025-10-05T21:51:09.715Z next:jsconfig-paths-plugin skipping request as it is a relative path ./scheduleActivitiesWorkflow
2025-10-05T21:51:09.715Z next:jsconfig-paths-plugin skipping request as it is a relative path ./scheduleActivitiesWorkflow
2025-10-05T21:51:09.715Z next:jsconfig-paths-plugin skipping request as it is a relative path ./activityPrioritizationEngineWorkflow
2025-10-05T21:51:09.715Z next:jsconfig-paths-plugin skipping request as it is a relative path ./activityPrioritizationEngineWorkflow
2025-10-05T21:51:09.715Z next:jsconfig-paths-plugin skipping request as it is a relative path ./dailyOperationsWorkflow
2025-10-05T21:51:09.716Z next:jsconfig-paths-plugin skipping request as it is a relative path ./dailyOperationsWorkflow
2025-10-05T21:51:09.716Z next:jsconfig-paths-plugin skipping request as it is a relative path ./dataProcessingWorkflow
2025-10-05T21:51:09.716Z next:jsconfig-paths-plugin skipping request as it is a relative path ./dataProcessingWorkflow
2025-10-05T21:51:09.716Z next:jsconfig-paths-plugin skipping request as it is a relative path ./scheduleCustomerSupportMessagesWorkflow
2025-10-05T21:51:09.716Z next:jsconfig-paths-plugin skipping request as it is a relative path ./scheduleCustomerSupportMessagesWorkflow
2025-10-05T21:51:09.716Z next:jsconfig-paths-plugin skipping request as it is a relative path ./customerSupportWorkflow
2025-10-05T21:51:09.716Z next:jsconfig-paths-plugin skipping request as it is a relative path ./customerSupportWorkflow
2025-10-05T21:51:09.716Z next:jsconfig-paths-plugin skipping request as it is a relative path ./emailCustomerSupportWorkflow
2025-10-05T21:51:09.716Z next:jsconfig-paths-plugin skipping request as it is a relative path ./emailCustomerSupportWorkflow
2025-10-05T21:51:09.716Z next:jsconfig-paths-plugin skipping request as it is a relative path ./sendReportWorkflow
2025-10-05T21:51:09.716Z next:jsconfig-paths-plugin skipping request as it is a relative path ./sendReportWorkflow
2025-10-05T21:51:09.716Z next:jsconfig-paths-plugin skipping request as it is a relative path ./sendEmailFromAgentWorkflow
2025-10-05T21:51:09.717Z next:jsconfig-paths-plugin skipping request as it is a relative path ./sendEmailFromAgentWorkflow
2025-10-05T21:51:09.717Z next:jsconfig-paths-plugin skipping request as it is a relative path ./answerWhatsappMessageWorkflow
2025-10-05T21:51:09.717Z next:jsconfig-paths-plugin skipping request as it is a relative path ./answerWhatsappMessageWorkflow
2025-10-05T21:51:09.717Z next:jsconfig-paths-plugin skipping request as it is a relative path ./leadAttentionWorkflow
2025-10-05T21:51:09.717Z next:jsconfig-paths-plugin skipping request as it is a relative path ./leadAttentionWorkflow
2025-10-05T21:51:09.718Z next:jsconfig-paths-plugin skipping request as it is a relative path ./siteSetupWorkflow
2025-10-05T21:51:09.718Z next:jsconfig-paths-plugin skipping request as it is a relative path ./siteSetupWorkflow
2025-10-05T21:51:09.718Z next:jsconfig-paths-plugin skipping request as it is a relative path ./buildCampaignsWorkflow
2025-10-05T21:51:09.718Z next:jsconfig-paths-plugin skipping request as it is a relative path ./buildCampaignsWorkflow
2025-10-05T21:51:09.718Z next:jsconfig-paths-plugin skipping request as it is a relative path ./buildSegmentsWorkflow
2025-10-05T21:51:09.718Z next:jsconfig-paths-plugin skipping request as it is a relative path ./buildSegmentsWorkflow
2025-10-05T21:51:09.718Z next:jsconfig-paths-plugin skipping request as it is a relative path ./buildContentWorkflow
2025-10-05T21:51:09.718Z next:jsconfig-paths-plugin skipping request as it is a relative path ./buildContentWorkflow
2025-10-05T21:51:09.718Z next:jsconfig-paths-plugin skipping request as it is a relative path ./leadFollowUpWorkflow
2025-10-05T21:51:09.718Z next:jsconfig-paths-plugin skipping request as it is a relative path ./leadFollowUpWorkflow
2025-10-05T21:51:09.718Z next:jsconfig-paths-plugin skipping request as it is a relative path ./leadResearchWorkflow
2025-10-05T21:51:09.718Z next:jsconfig-paths-plugin skipping request as it is a relative path ./leadResearchWorkflow
2025-10-05T21:51:09.719Z next:jsconfig-paths-plugin skipping request as it is a relative path ./buildSegmentsICPWorkflow
2025-10-05T21:51:09.719Z next:jsconfig-paths-plugin skipping request as it is a relative path ./buildSegmentsICPWorkflow
2025-10-05T21:51:09.719Z next:jsconfig-paths-plugin skipping request as it is a relative path ./humanInterventionWorkflow
2025-10-05T21:51:09.719Z next:jsconfig-paths-plugin skipping request as it is a relative path ./humanInterventionWorkflow
2025-10-05T21:51:09.720Z next:jsconfig-paths-plugin skipping request as it is a relative path ./deepResearchWorkflow
2025-10-05T21:51:09.720Z next:jsconfig-paths-plugin skipping request as it is a relative path ./deepResearchWorkflow
2025-10-05T21:51:09.720Z next:jsconfig-paths-plugin skipping request as it is a relative path ./dailyStandUpWorkflow
2025-10-05T21:51:09.720Z next:jsconfig-paths-plugin skipping request as it is a relative path ./dailyStandUpWorkflow
2025-10-05T21:51:09.720Z next:jsconfig-paths-plugin skipping request as it is a relative path ./sendWhatsappFromAgentWorkflow
2025-10-05T21:51:09.720Z next:jsconfig-paths-plugin skipping request as it is a relative path ./sendWhatsappFromAgentWorkflow
2025-10-05T21:51:09.720Z next:jsconfig-paths-plugin skipping request as it is a relative path ../config/taskQueues
2025-10-05T21:51:09.720Z next:jsconfig-paths-plugin skipping request as it is a relative path ./delayedExecutionWorkflow
2025-10-05T21:51:09.720Z next:jsconfig-paths-plugin skipping request as it is a relative path ./delayedExecutionWorkflow
2025-10-05T21:51:09.720Z next:jsconfig-paths-plugin skipping request as it is a relative path ./leadGenerationWorkflow
2025-10-05T21:51:09.721Z next:jsconfig-paths-plugin skipping request as it is a relative path ./leadGenerationWorkflow
2025-10-05T21:51:09.721Z next:jsconfig-paths-plugin skipping request as it is a relative path ./analyzeSiteWorkflow
2025-10-05T21:51:09.721Z next:jsconfig-paths-plugin skipping request as it is a relative path ./analyzeSiteWorkflow
2025-10-05T21:51:09.721Z next:jsconfig-paths-plugin skipping request as it is a relative path ./sendNewsletterWorkflow
2025-10-05T21:51:09.721Z next:jsconfig-paths-plugin skipping request as it is a relative path ./sendNewsletterWorkflow
2025-10-05T21:51:09.721Z next:jsconfig-paths-plugin skipping request as it is a relative path ./dailyProspectionWorkflow
2025-10-05T21:51:09.721Z next:jsconfig-paths-plugin skipping request as it is a relative path ./dailyProspectionWorkflow
2025-10-05T21:51:09.721Z next:jsconfig-paths-plugin skipping request as it is a relative path ./dailyStrategicAccountsWorkflow
2025-10-05T21:51:09.721Z next:jsconfig-paths-plugin skipping request as it is a relative path ./dailyStrategicAccountsWorkflow
2025-10-05T21:51:09.721Z next:jsconfig-paths-plugin skipping request as it is a relative path ./leadInvalidationWorkflow
2025-10-05T21:51:09.721Z next:jsconfig-paths-plugin skipping request as it is a relative path ./leadInvalidationWorkflow
2025-10-05T21:51:09.721Z next:jsconfig-paths-plugin skipping request as it is a relative path ./startRobotWorkflow
2025-10-05T21:51:09.721Z next:jsconfig-paths-plugin skipping request as it is a relative path ./startRobotWorkflow
2025-10-05T21:51:09.721Z next:jsconfig-paths-plugin skipping request as it is a relative path ./robotWorkflow
2025-10-05T21:51:09.721Z next:jsconfig-paths-plugin skipping request as it is a relative path ./robotWorkflow
2025-10-05T21:51:09.721Z next:jsconfig-paths-plugin skipping request as it is a relative path ./promptRobotWorkflow
2025-10-05T21:51:09.721Z next:jsconfig-paths-plugin skipping request as it is a relative path ./promptRobotWorkflow
2025-10-05T21:51:09.722Z next:jsconfig-paths-plugin skipping request as it is a relative path ./validateEmailWorkflow
2025-10-05T21:51:09.722Z next:jsconfig-paths-plugin skipping request as it is a relative path ./validateEmailWorkflow
2025-10-05T21:51:09.723Z next:jsconfig-paths-plugin skipping request as it is a relative path ./webhookDispatchWorkflow
2025-10-05T21:51:09.723Z next:jsconfig-paths-plugin skipping request as it is a relative path ./webhookDispatchWorkflow
2025-10-05T21:51:09.723Z next:jsconfig-paths-plugin skipping request as it is a relative path ./idealClientProfileMiningWorkflow
2025-10-05T21:51:09.723Z next:jsconfig-paths-plugin skipping request as it is a relative path ./idealClientProfileMiningWorkflow
2025-10-05T21:51:09.723Z next:jsconfig-paths-plugin skipping request as it is a relative path ./cronWorkflow
2025-10-05T21:51:09.723Z next:jsconfig-paths-plugin skipping request as it is a relative path ./cronWorkflow
2025-10-05T21:51:09.724Z next:jsconfig-paths-plugin skipping request as it is a relative path ./syncEmailsWorkflow
2025-10-05T21:51:09.724Z next:jsconfig-paths-plugin skipping request as it is a relative path ./syncEmailsWorkflow
2025-10-05T21:51:09.724Z next:jsconfig-paths-plugin skipping request as it is a relative path ./syncEmailsScheduleWorkflow
2025-10-05T21:51:09.724Z next:jsconfig-paths-plugin skipping request as it is a relative path ./syncEmailsScheduleWorkflow
2025-10-05T21:51:09.724Z next:jsconfig-paths-plugin skipping request as it is a relative path ./scheduleActivitiesWorkflow
2025-10-05T21:51:09.724Z next:jsconfig-paths-plugin skipping request as it is a relative path ./scheduleActivitiesWorkflow
2025-10-05T21:51:09.725Z next:jsconfig-paths-plugin skipping request as it is a relative path ./activityPrioritizationEngineWorkflow
2025-10-05T21:51:09.725Z next:jsconfig-paths-plugin skipping request as it is a relative path ./activityPrioritizationEngineWorkflow
2025-10-05T21:51:09.725Z next:jsconfig-paths-plugin skipping request as it is a relative path ./dailyOperationsWorkflow
2025-10-05T21:51:09.725Z next:jsconfig-paths-plugin skipping request as it is a relative path ./dailyOperationsWorkflow
2025-10-05T21:51:09.725Z next:jsconfig-paths-plugin skipping request as it is a relative path ./dataProcessingWorkflow
2025-10-05T21:51:09.725Z next:jsconfig-paths-plugin skipping request as it is a relative path ./dataProcessingWorkflow
2025-10-05T21:51:09.725Z next:jsconfig-paths-plugin skipping request as it is a relative path ./scheduleCustomerSupportMessagesWorkflow
2025-10-05T21:51:09.725Z next:jsconfig-paths-plugin skipping request as it is a relative path ./scheduleCustomerSupportMessagesWorkflow
2025-10-05T21:51:09.726Z next:jsconfig-paths-plugin skipping request as it is a relative path ./customerSupportWorkflow
2025-10-05T21:51:09.726Z next:jsconfig-paths-plugin skipping request as it is a relative path ./customerSupportWorkflow
2025-10-05T21:51:09.727Z next:jsconfig-paths-plugin skipping request as it is a relative path ./emailCustomerSupportWorkflow
2025-10-05T21:51:09.727Z next:jsconfig-paths-plugin skipping request as it is a relative path ./emailCustomerSupportWorkflow
2025-10-05T21:51:09.728Z next:jsconfig-paths-plugin skipping request as it is a relative path ./sendReportWorkflow
2025-10-05T21:51:09.728Z next:jsconfig-paths-plugin skipping request as it is a relative path ./sendReportWorkflow
2025-10-05T21:51:09.728Z next:jsconfig-paths-plugin skipping request as it is a relative path ./sendEmailFromAgentWorkflow
2025-10-05T21:51:09.728Z next:jsconfig-paths-plugin skipping request as it is a relative path ./sendEmailFromAgentWorkflow
2025-10-05T21:51:09.728Z next:jsconfig-paths-plugin skipping request as it is a relative path ./answerWhatsappMessageWorkflow
2025-10-05T21:51:09.728Z next:jsconfig-paths-plugin skipping request as it is a relative path ./answerWhatsappMessageWorkflow
2025-10-05T21:51:09.728Z next:jsconfig-paths-plugin skipping request as it is a relative path ./leadAttentionWorkflow
2025-10-05T21:51:09.728Z next:jsconfig-paths-plugin skipping request as it is a relative path ./leadAttentionWorkflow
2025-10-05T21:51:09.729Z next:jsconfig-paths-plugin skipping request as it is a relative path ./siteSetupWorkflow
2025-10-05T21:51:09.729Z next:jsconfig-paths-plugin skipping request as it is a relative path ./siteSetupWorkflow
2025-10-05T21:51:09.729Z next:jsconfig-paths-plugin skipping request as it is a relative path ./buildCampaignsWorkflow
2025-10-05T21:51:09.729Z next:jsconfig-paths-plugin skipping request as it is a relative path ./buildCampaignsWorkflow
2025-10-05T21:51:09.729Z next:jsconfig-paths-plugin skipping request as it is a relative path ./buildSegmentsWorkflow
2025-10-05T21:51:09.729Z next:jsconfig-paths-plugin skipping request as it is a relative path ./buildSegmentsWorkflow
2025-10-05T21:51:09.729Z next:jsconfig-paths-plugin skipping request as it is a relative path ./buildContentWorkflow
2025-10-05T21:51:09.729Z next:jsconfig-paths-plugin skipping request as it is a relative path ./buildContentWorkflow
2025-10-05T21:51:09.730Z next:jsconfig-paths-plugin skipping request as it is a relative path ./leadFollowUpWorkflow
2025-10-05T21:51:09.730Z next:jsconfig-paths-plugin skipping request as it is a relative path ./leadFollowUpWorkflow
2025-10-05T21:51:09.730Z next:jsconfig-paths-plugin skipping request as it is a relative path ./leadResearchWorkflow
2025-10-05T21:51:09.730Z next:jsconfig-paths-plugin skipping request as it is a relative path ./leadResearchWorkflow
2025-10-05T21:51:09.730Z next:jsconfig-paths-plugin skipping request as it is a relative path ./buildSegmentsICPWorkflow
2025-10-05T21:51:09.730Z next:jsconfig-paths-plugin skipping request as it is a relative path ./buildSegmentsICPWorkflow
2025-10-05T21:51:09.731Z next:jsconfig-paths-plugin skipping request as it is a relative path ./humanInterventionWorkflow
2025-10-05T21:51:09.731Z next:jsconfig-paths-plugin skipping request as it is a relative path ./humanInterventionWorkflow
2025-10-05T21:51:09.731Z next:jsconfig-paths-plugin skipping request as it is a relative path ./deepResearchWorkflow
2025-10-05T21:51:09.731Z next:jsconfig-paths-plugin skipping request as it is a relative path ./deepResearchWorkflow
2025-10-05T21:51:09.731Z next:jsconfig-paths-plugin skipping request as it is a relative path ./sendWhatsappFromAgentWorkflow
2025-10-05T21:51:09.731Z next:jsconfig-paths-plugin skipping request as it is a relative path ./sendWhatsappFromAgentWorkflow
2025-10-05T21:51:09.731Z next:jsconfig-paths-plugin skipping request as it is a relative path ./dailyStandUpWorkflow
2025-10-05T21:51:09.731Z next:jsconfig-paths-plugin skipping request as it is a relative path ./dailyStandUpWorkflow
2025-10-05T21:51:09.731Z next:jsconfig-paths-plugin skipping request as it is a relative path ../config/taskQueues
2025-10-05T21:51:09.732Z next:jsconfig-paths-plugin skipping request as it is a relative path ../config/taskQueues
2025-10-05T21:51:09.732Z next:jsconfig-paths-plugin skipping request as it is a relative path ./delayedExecutionWorkflow
2025-10-05T21:51:09.732Z next:jsconfig-paths-plugin skipping request as it is a relative path ./delayedExecutionWorkflow
2025-10-05T21:51:09.732Z next:jsconfig-paths-plugin skipping request as it is a relative path ./leadGenerationWorkflow
2025-10-05T21:51:09.732Z next:jsconfig-paths-plugin skipping request as it is a relative path ./leadGenerationWorkflow
2025-10-05T21:51:09.733Z next:jsconfig-paths-plugin skipping request as it is a relative path ./sendNewsletterWorkflow
2025-10-05T21:51:09.733Z next:jsconfig-paths-plugin skipping request as it is a relative path ./sendNewsletterWorkflow
2025-10-05T21:51:09.733Z next:jsconfig-paths-plugin skipping request as it is a relative path ./dailyProspectionWorkflow
2025-10-05T21:51:09.733Z next:jsconfig-paths-plugin skipping request as it is a relative path ./dailyProspectionWorkflow
2025-10-05T21:51:09.734Z next:jsconfig-paths-plugin skipping request as it is a relative path ./dailyStrategicAccountsWorkflow
2025-10-05T21:51:09.734Z next:jsconfig-paths-plugin skipping request as it is a relative path ./dailyStrategicAccountsWorkflow
2025-10-05T21:51:09.734Z next:jsconfig-paths-plugin skipping request as it is a relative path ./analyzeSiteWorkflow
2025-10-05T21:51:09.734Z next:jsconfig-paths-plugin skipping request as it is a relative path ./analyzeSiteWorkflow
2025-10-05T21:51:09.734Z next:jsconfig-paths-plugin skipping request as it is a relative path ./leadInvalidationWorkflow
2025-10-05T21:51:09.734Z next:jsconfig-paths-plugin skipping request as it is a relative path ./leadInvalidationWorkflow
2025-10-05T21:51:09.734Z next:jsconfig-paths-plugin skipping request as it is a relative path ./startRobotWorkflow
2025-10-05T21:51:09.734Z next:jsconfig-paths-plugin skipping request as it is a relative path ./startRobotWorkflow
2025-10-05T21:51:09.734Z next:jsconfig-paths-plugin skipping request as it is a relative path ./robotWorkflow
2025-10-05T21:51:09.735Z next:jsconfig-paths-plugin skipping request as it is a relative path ./robotWorkflow
2025-10-05T21:51:09.735Z next:jsconfig-paths-plugin skipping request as it is a relative path ./promptRobotWorkflow
2025-10-05T21:51:09.735Z next:jsconfig-paths-plugin skipping request as it is a relative path ./promptRobotWorkflow
2025-10-05T21:51:09.735Z next:jsconfig-paths-plugin skipping request as it is a relative path ./validateEmailWorkflow
2025-10-05T21:51:09.735Z next:jsconfig-paths-plugin skipping request as it is a relative path ./validateEmailWorkflow
2025-10-05T21:51:09.735Z next:jsconfig-paths-plugin skipping request as it is a relative path ./webhookDispatchWorkflow
2025-10-05T21:51:09.735Z next:jsconfig-paths-plugin skipping request as it is a relative path ./webhookDispatchWorkflow
2025-10-05T21:51:09.738Z next:jsconfig-paths-plugin skipping request as it is a relative path ./idealClientProfileMiningWorkflow
2025-10-05T21:51:09.738Z next:jsconfig-paths-plugin skipping request as it is a relative path ./idealClientProfileMiningWorkflow
2025-10-05T21:51:09.743Z next:jsconfig-paths-plugin skipping request as it is a relative path ./scheduleCustomerSupportMessagesWorkflow
2025-10-05T21:51:09.743Z next:jsconfig-paths-plugin skipping request as it is a relative path ./activityPrioritizationEngineWorkflow
2025-10-05T21:51:09.743Z next:jsconfig-paths-plugin skipping request as it is a relative path ./sendReportWorkflow
2025-10-05T21:51:09.743Z next:jsconfig-paths-plugin skipping request as it is a relative path ./customerSupportWorkflow
2025-10-05T21:51:09.743Z next:jsconfig-paths-plugin skipping request as it is a relative path ./emailCustomerSupportWorkflow
2025-10-05T21:51:09.743Z next:jsconfig-paths-plugin skipping request as it is a relative path ./sendWhatsappFromAgentWorkflow
2025-10-05T21:51:09.743Z next:jsconfig-paths-plugin skipping request as it is a relative path ./scheduleCustomerSupportMessagesWorkflow
2025-10-05T21:51:09.743Z next:jsconfig-paths-plugin skipping request as it is a relative path ./activityPrioritizationEngineWorkflow
2025-10-05T21:51:09.743Z next:jsconfig-paths-plugin skipping request as it is a relative path ./sendReportWorkflow
2025-10-05T21:51:09.743Z next:jsconfig-paths-plugin skipping request as it is a relative path ./customerSupportWorkflow
2025-10-05T21:51:09.743Z next:jsconfig-paths-plugin skipping request as it is a relative path ./emailCustomerSupportWorkflow
2025-10-05T21:51:09.743Z next:jsconfig-paths-plugin skipping request as it is a relative path ./sendWhatsappFromAgentWorkflow
2025-10-05T21:51:09.744Z next:jsconfig-paths-plugin skipping request as it is a relative path ./scheduleCustomerSupportMessagesWorkflow
2025-10-05T21:51:09.744Z next:jsconfig-paths-plugin skipping request as it is a relative path ./activityPrioritizationEngineWorkflow
2025-10-05T21:51:09.744Z next:jsconfig-paths-plugin skipping request as it is a relative path ./sendReportWorkflow
2025-10-05T21:51:09.744Z next:jsconfig-paths-plugin skipping request as it is a relative path ./customerSupportWorkflow
2025-10-05T21:51:09.744Z next:jsconfig-paths-plugin skipping request as it is a relative path ./emailCustomerSupportWorkflow
2025-10-05T21:51:09.744Z next:jsconfig-paths-plugin skipping request as it is a relative path ./sendWhatsappFromAgentWorkflow
2025-10-05T21:51:09.744Z next:jsconfig-paths-plugin skipping request as it is a relative path ./scheduleCustomerSupportMessagesWorkflow
2025-10-05T21:51:09.744Z next:jsconfig-paths-plugin skipping request as it is a relative path ./activityPrioritizationEngineWorkflow
2025-10-05T21:51:09.744Z next:jsconfig-paths-plugin skipping request as it is a relative path ./sendReportWorkflow
2025-10-05T21:51:09.744Z next:jsconfig-paths-plugin skipping request as it is a relative path ./customerSupportWorkflow
2025-10-05T21:51:09.744Z next:jsconfig-paths-plugin skipping request as it is a relative path ./emailCustomerSupportWorkflow
2025-10-05T21:51:09.744Z next:jsconfig-paths-plugin skipping request as it is a relative path ./sendWhatsappFromAgentWorkflow
2025-10-05T21:51:09.747Z next:jsconfig-paths-plugin skipping request as it is a relative path ./sendEmailFromAgentWorkflow
2025-10-05T21:51:09.747Z next:jsconfig-paths-plugin skipping request as it is a relative path ./customerSupportWorkflow
2025-10-05T21:51:09.747Z next:jsconfig-paths-plugin skipping request as it is a relative path ./sendEmailFromAgentWorkflow
2025-10-05T21:51:09.747Z next:jsconfig-paths-plugin skipping request as it is a relative path ./customerSupportWorkflow
2025-10-05T21:51:09.753Z next:jsconfig-paths-plugin skipping request as it is a relative path ./sendEmailFromAgentWorkflow
2025-10-05T21:51:09.753Z next:jsconfig-paths-plugin skipping request as it is a relative path ./customerSupportWorkflow
2025-10-05T21:51:09.753Z next:jsconfig-paths-plugin skipping request as it is a relative path ./sendEmailFromAgentWorkflow
2025-10-05T21:51:09.753Z next:jsconfig-paths-plugin skipping request as it is a relative path ./customerSupportWorkflow
2025-10-05T21:51:09.755Z next:jsconfig-paths-plugin skipping request as it is a relative path ./buildSegmentsWorkflow
2025-10-05T21:51:09.755Z next:jsconfig-paths-plugin skipping request as it is a relative path ./buildSegmentsICPWorkflow
2025-10-05T21:51:09.755Z next:jsconfig-paths-plugin skipping request as it is a relative path ./leadResearchWorkflow
2025-10-05T21:51:09.755Z next:jsconfig-paths-plugin skipping request as it is a relative path ./leadInvalidationWorkflow
2025-10-05T21:51:09.755Z next:jsconfig-paths-plugin skipping request as it is a relative path ./sendWhatsappFromAgentWorkflow
2025-10-05T21:51:09.755Z next:jsconfig-paths-plugin skipping request as it is a relative path ./deepResearchWorkflow
2025-10-05T21:51:09.755Z next:jsconfig-paths-plugin skipping request as it is a relative path ./buildSegmentsWorkflow
2025-10-05T21:51:09.755Z next:jsconfig-paths-plugin skipping request as it is a relative path ./buildSegmentsICPWorkflow
2025-10-05T21:51:09.755Z next:jsconfig-paths-plugin skipping request as it is a relative path ./leadResearchWorkflow
2025-10-05T21:51:09.755Z next:jsconfig-paths-plugin skipping request as it is a relative path ./leadInvalidationWorkflow
2025-10-05T21:51:09.755Z next:jsconfig-paths-plugin skipping request as it is a relative path ./sendWhatsappFromAgentWorkflow
2025-10-05T21:51:09.755Z next:jsconfig-paths-plugin skipping request as it is a relative path ./deepResearchWorkflow
2025-10-05T21:51:09.756Z next:jsconfig-paths-plugin skipping request as it is a relative path ./buildSegmentsWorkflow
2025-10-05T21:51:09.756Z next:jsconfig-paths-plugin skipping request as it is a relative path ./buildSegmentsICPWorkflow
2025-10-05T21:51:09.756Z next:jsconfig-paths-plugin skipping request as it is a relative path ./leadResearchWorkflow
2025-10-05T21:51:09.756Z next:jsconfig-paths-plugin skipping request as it is a relative path ./leadInvalidationWorkflow
2025-10-05T21:51:09.756Z next:jsconfig-paths-plugin skipping request as it is a relative path ./sendWhatsappFromAgentWorkflow
2025-10-05T21:51:09.756Z next:jsconfig-paths-plugin skipping request as it is a relative path ./deepResearchWorkflow
2025-10-05T21:51:09.756Z next:jsconfig-paths-plugin skipping request as it is a relative path ./buildSegmentsWorkflow
2025-10-05T21:51:09.756Z next:jsconfig-paths-plugin skipping request as it is a relative path ./buildSegmentsICPWorkflow
2025-10-05T21:51:09.756Z next:jsconfig-paths-plugin skipping request as it is a relative path ./leadResearchWorkflow
2025-10-05T21:51:09.756Z next:jsconfig-paths-plugin skipping request as it is a relative path ./leadInvalidationWorkflow
2025-10-05T21:51:09.756Z next:jsconfig-paths-plugin skipping request as it is a relative path ./sendWhatsappFromAgentWorkflow
2025-10-05T21:51:09.756Z next:jsconfig-paths-plugin skipping request as it is a relative path ./deepResearchWorkflow
2025-10-05T21:51:09.761Z next:jsconfig-paths-plugin skipping request as it is a relative path ../config/agentsConfig
2025-10-05T21:51:09.761Z next:jsconfig-paths-plugin skipping request as it is a relative path ../config/agentsConfig
2025-10-05T21:51:09.761Z next:jsconfig-paths-plugin skipping request as it is a relative path ../config/timeouts
2025-10-05T21:51:09.761Z next:jsconfig-paths-plugin skipping request as it is a relative path ../config/timeouts
2025-10-05T21:51:09.761Z next:jsconfig-paths-plugin skipping request as it is a relative path ../config/timeouts
2025-10-05T21:51:09.761Z next:jsconfig-paths-plugin skipping request as it is a relative path ../config/timeouts
2025-10-05T21:51:09.761Z next:jsconfig-paths-plugin skipping request as it is a relative path ../config/timeouts
2025-10-05T21:51:09.761Z next:jsconfig-paths-plugin skipping request as it is a relative path ../config/timeouts
2025-10-05T21:51:09.761Z next:jsconfig-paths-plugin skipping request as it is a relative path ../config/timeouts
2025-10-05T21:51:09.761Z next:jsconfig-paths-plugin skipping request as it is a relative path ../config/timeouts
2025-10-05T21:51:09.761Z next:jsconfig-paths-plugin skipping request as it is a relative path ../config/timeouts
2025-10-05T21:51:09.761Z next:jsconfig-paths-plugin skipping request as it is a relative path ../config/timeouts
2025-10-05T21:51:09.761Z next:jsconfig-paths-plugin skipping request as it is a relative path ../config/timeouts
2025-10-05T21:51:09.761Z next:jsconfig-paths-plugin skipping request as it is a relative path ../config/timeouts
2025-10-05T21:51:09.766Z next:jsconfig-paths-plugin skipping request as it is a relative path ../config/agentsConfig
2025-10-05T21:51:09.766Z next:jsconfig-paths-plugin skipping request as it is a relative path ../config/agentsConfig
2025-10-05T21:51:09.766Z next:jsconfig-paths-plugin skipping request as it is a relative path ../config/timeouts
2025-10-05T21:51:09.766Z next:jsconfig-paths-plugin skipping request as it is a relative path ../config/timeouts
2025-10-05T21:51:09.766Z next:jsconfig-paths-plugin skipping request as it is a relative path ../config/timeouts
2025-10-05T21:51:09.766Z next:jsconfig-paths-plugin skipping request as it is a relative path ../config/timeouts
2025-10-05T21:51:09.766Z next:jsconfig-paths-plugin skipping request as it is a relative path ../config/timeouts
2025-10-05T21:51:09.766Z next:jsconfig-paths-plugin skipping request as it is a relative path ../config/timeouts
2025-10-05T21:51:09.767Z next:jsconfig-paths-plugin skipping request as it is a relative path ../config/timeouts
2025-10-05T21:51:09.767Z next:jsconfig-paths-plugin skipping request as it is a relative path ../config/timeouts
2025-10-05T21:51:09.767Z next:jsconfig-paths-plugin skipping request as it is a relative path ../config/timeouts
2025-10-05T21:51:09.767Z next:jsconfig-paths-plugin skipping request as it is a relative path ../config/timeouts
2025-10-05T21:51:09.767Z next:jsconfig-paths-plugin skipping request as it is a relative path ../config/timeouts
2025-10-05T21:51:09.767Z next:jsconfig-paths-plugin skipping request as it is a relative path ../config/timeouts
2025-10-05T21:51:09.768Z next:jsconfig-paths-plugin skipping request as it is a relative path ../config/timeouts
2025-10-05T21:51:09.768Z next:jsconfig-paths-plugin skipping request as it is a relative path ./deepResearchWorkflow
2025-10-05T21:51:09.768Z next:jsconfig-paths-plugin skipping request as it is a relative path ../config/timeouts
2025-10-05T21:51:09.768Z next:jsconfig-paths-plugin skipping request as it is a relative path ./deepResearchWorkflow
2025-10-05T21:51:09.770Z next:jsconfig-paths-plugin skipping request as it is a relative path ../config/timeouts
2025-10-05T21:51:09.770Z next:jsconfig-paths-plugin skipping request as it is a relative path ./deepResearchWorkflow
2025-10-05T21:51:09.770Z next:jsconfig-paths-plugin skipping request as it is a relative path ../config/timeouts
2025-10-05T21:51:09.770Z next:jsconfig-paths-plugin skipping request as it is a relative path ./deepResearchWorkflow
2025-10-05T21:51:09.776Z next:jsconfig-paths-plugin skipping request as it is inside node_modules node:async_hooks
2025-10-05T21:51:09.778Z next:jsconfig-paths-plugin skipping request as it is a relative path ./leadGenerationWorkflow
2025-10-05T21:51:09.778Z next:jsconfig-paths-plugin skipping request as it is a relative path ./deepResearchWorkflow
2025-10-05T21:51:09.778Z next:jsconfig-paths-plugin skipping request as it is a relative path ./leadFollowUpWorkflow
2025-10-05T21:51:09.778Z next:jsconfig-paths-plugin skipping request as it is a relative path ./leadGenerationWorkflow
2025-10-05T21:51:09.778Z next:jsconfig-paths-plugin skipping request as it is a relative path ./deepResearchWorkflow
2025-10-05T21:51:09.778Z next:jsconfig-paths-plugin skipping request as it is a relative path ./leadFollowUpWorkflow
2025-10-05T21:51:09.778Z next:jsconfig-paths-plugin skipping request as it is a relative path ./leadGenerationWorkflow
2025-10-05T21:51:09.778Z next:jsconfig-paths-plugin skipping request as it is a relative path ./deepResearchWorkflow
2025-10-05T21:51:09.778Z next:jsconfig-paths-plugin skipping request as it is a relative path ./leadFollowUpWorkflow
2025-10-05T21:51:09.779Z next:jsconfig-paths-plugin skipping request as it is a relative path ./leadGenerationWorkflow
2025-10-05T21:51:09.779Z next:jsconfig-paths-plugin skipping request as it is a relative path ./deepResearchWorkflow
2025-10-05T21:51:09.779Z next:jsconfig-paths-plugin skipping request as it is a relative path ./leadFollowUpWorkflow
2025-10-05T21:51:09.787Z next:jsconfig-paths-plugin skipping request as it is a relative path ./robotWorkflow
2025-10-05T21:51:09.787Z next:jsconfig-paths-plugin skipping request as it is a relative path ./robotWorkflow
2025-10-05T21:51:09.787Z next:jsconfig-paths-plugin skipping request as it is a relative path ./humanInterventionWorkflow
2025-10-05T21:51:09.787Z next:jsconfig-paths-plugin skipping request as it is a relative path ./robotWorkflow
2025-10-05T21:51:09.787Z next:jsconfig-paths-plugin skipping request as it is a relative path ./robotWorkflow
2025-10-05T21:51:09.787Z next:jsconfig-paths-plugin skipping request as it is a relative path ./humanInterventionWorkflow
2025-10-05T21:51:09.791Z next:jsconfig-paths-plugin skipping request as it is a relative path ./robotWorkflow
2025-10-05T21:51:09.791Z next:jsconfig-paths-plugin skipping request as it is a relative path ./robotWorkflow
2025-10-05T21:51:09.791Z next:jsconfig-paths-plugin skipping request as it is a relative path ./humanInterventionWorkflow
2025-10-05T21:51:09.791Z next:jsconfig-paths-plugin skipping request as it is a relative path ./robotWorkflow
2025-10-05T21:51:09.791Z next:jsconfig-paths-plugin skipping request as it is a relative path ./robotWorkflow
2025-10-05T21:51:09.791Z next:jsconfig-paths-plugin skipping request as it is a relative path ./humanInterventionWorkflow
2025-10-05T21:51:09.799Z next:jsconfig-paths-plugin skipping request as it is inside node_modules node:os
2025-10-05T21:51:09.799Z next:jsconfig-paths-plugin skipping request as it is inside node_modules node:events
2025-10-05T21:51:09.799Z next:jsconfig-paths-plugin skipping request as it is a relative path ../utils/agentResponseParser
2025-10-05T21:51:09.808Z next:jsconfig-paths-plugin skipping request as it is a relative path ../utils/agentResponseParser
2025-10-05T21:51:09.815Z next:jsconfig-paths-plugin skipping request as it is a relative path ../utils/agentResponseParser
2025-10-05T21:51:09.815Z next:jsconfig-paths-plugin skipping request as it is a relative path ../utils/agentResponseParser
2025-10-05T21:51:09.832Z next:jsconfig-paths-plugin skipping request as it is inside node_modules node:os
2025-10-05T21:51:09.832Z next:jsconfig-paths-plugin skipping request as it is inside node_modules node:events
2025-10-05T21:51:09.832Z next:jsconfig-paths-plugin skipping request as it is inside node_modules node:async_hooks
2025-10-05T21:51:09.940Z next:jsconfig-paths-plugin moduleName did not match any paths pattern next-flight-client-entry-loader
2025-10-05T21:51:09.940Z next:jsconfig-paths-plugin moduleName did not match any paths pattern next-flight-client-entry-loader
2025-10-05T21:51:09.940Z next:jsconfig-paths-plugin moduleName did not match any paths pattern next-flight-client-entry-loader
2025-10-05T21:51:09.940Z next:jsconfig-paths-plugin moduleName did not match any paths pattern next-flight-client-entry-loader
2025-10-05T21:51:09.940Z next:jsconfig-paths-plugin moduleName did not match any paths pattern next-flight-client-entry-loader
2025-10-05T21:51:09.940Z next:jsconfig-paths-plugin moduleName did not match any paths pattern next-flight-client-entry-loader
2025-10-05T21:51:09.940Z next:jsconfig-paths-plugin moduleName did not match any paths pattern next-flight-client-entry-loader
2025-10-05T21:51:09.940Z next:jsconfig-paths-plugin moduleName did not match any paths pattern next-flight-client-entry-loader
2025-10-05T21:51:09.940Z next:jsconfig-paths-plugin moduleName did not match any paths pattern next-flight-client-entry-loader
2025-10-05T21:51:09.940Z next:jsconfig-paths-plugin moduleName did not match any paths pattern next-flight-client-entry-loader
2025-10-05T21:51:09.940Z next:jsconfig-paths-plugin moduleName did not match any paths pattern next-flight-client-entry-loader
2025-10-05T21:51:09.940Z next:jsconfig-paths-plugin moduleName did not match any paths pattern next-flight-client-entry-loader
2025-10-05T21:51:09.940Z next:jsconfig-paths-plugin moduleName did not match any paths pattern next-flight-client-entry-loader
2025-10-05T21:51:09.940Z next:jsconfig-paths-plugin moduleName did not match any paths pattern next-flight-client-entry-loader
2025-10-05T21:51:09.940Z next:jsconfig-paths-plugin moduleName did not match any paths pattern next-flight-client-entry-loader
2025-10-05T21:51:09.940Z next:jsconfig-paths-plugin moduleName did not match any paths pattern next-flight-client-entry-loader
2025-10-05T21:51:09.940Z next:jsconfig-paths-plugin moduleName did not match any paths pattern next-flight-client-entry-loader
2025-10-05T21:51:09.940Z next:jsconfig-paths-plugin moduleName did not match any paths pattern next-flight-client-entry-loader
2025-10-05T21:51:09.940Z next:jsconfig-paths-plugin moduleName did not match any paths pattern next-flight-client-entry-loader
2025-10-05T21:51:09.940Z next:jsconfig-paths-plugin moduleName did not match any paths pattern next-flight-client-entry-loader
2025-10-05T21:51:09.940Z next:jsconfig-paths-plugin moduleName did not match any paths pattern next-flight-client-entry-loader
2025-10-05T21:51:09.940Z next:jsconfig-paths-plugin moduleName did not match any paths pattern next-flight-client-entry-loader
2025-10-05T21:51:09.940Z next:jsconfig-paths-plugin moduleName did not match any paths pattern next-flight-client-entry-loader
2025-10-05T21:51:09.940Z next:jsconfig-paths-plugin moduleName did not match any paths pattern next-flight-client-entry-loader
2025-10-05T21:51:09.940Z next:jsconfig-paths-plugin moduleName did not match any paths pattern next-flight-client-entry-loader
2025-10-05T21:51:09.940Z next:jsconfig-paths-plugin moduleName did not match any paths pattern next-flight-client-entry-loader
2025-10-05T21:51:09.940Z next:jsconfig-paths-plugin moduleName did not match any paths pattern next-flight-client-entry-loader
2025-10-05T21:51:09.940Z next:jsconfig-paths-plugin moduleName did not match any paths pattern next-flight-client-entry-loader
2025-10-05T21:51:09.940Z next:jsconfig-paths-plugin moduleName did not match any paths pattern next-flight-client-entry-loader
2025-10-05T21:51:09.940Z next:jsconfig-paths-plugin moduleName did not match any paths pattern next-flight-client-entry-loader
2025-10-05T21:51:09.941Z next:jsconfig-paths-plugin moduleName did not match any paths pattern next-flight-client-entry-loader
2025-10-05T21:51:09.941Z next:jsconfig-paths-plugin moduleName did not match any paths pattern next-flight-client-entry-loader
2025-10-05T21:51:09.943Z next:jsconfig-paths-plugin moduleName did not match any paths pattern next-flight-client-entry-loader
2025-10-05T21:51:09.943Z next:jsconfig-paths-plugin moduleName did not match any paths pattern next-flight-client-entry-loader
2025-10-05T21:51:09.943Z next:jsconfig-paths-plugin moduleName did not match any paths pattern next-flight-client-entry-loader
2025-10-05T21:51:09.943Z next:jsconfig-paths-plugin moduleName did not match any paths pattern next-flight-client-entry-loader
2025-10-05T21:51:09.943Z next:jsconfig-paths-plugin moduleName did not match any paths pattern next-flight-client-entry-loader
2025-10-05T21:51:09.943Z next:jsconfig-paths-plugin moduleName did not match any paths pattern next-flight-client-entry-loader
2025-10-05T21:51:09.943Z next:jsconfig-paths-plugin moduleName did not match any paths pattern next-flight-client-entry-loader
2025-10-05T21:51:09.943Z next:jsconfig-paths-plugin moduleName did not match any paths pattern next-flight-client-entry-loader
2025-10-05T21:51:09.943Z next:jsconfig-paths-plugin moduleName did not match any paths pattern next-flight-client-entry-loader
2025-10-05T21:51:09.943Z next:jsconfig-paths-plugin moduleName did not match any paths pattern next-flight-client-entry-loader
2025-10-05T21:51:09.943Z next:jsconfig-paths-plugin moduleName did not match any paths pattern next-flight-client-entry-loader
2025-10-05T21:51:09.943Z next:jsconfig-paths-plugin moduleName did not match any paths pattern next-flight-client-entry-loader
2025-10-05T21:51:09.943Z next:jsconfig-paths-plugin moduleName did not match any paths pattern next-flight-client-entry-loader
2025-10-05T21:51:09.943Z next:jsconfig-paths-plugin moduleName did not match any paths pattern next-flight-client-entry-loader
2025-10-05T21:51:09.943Z next:jsconfig-paths-plugin moduleName did not match any paths pattern next-flight-client-entry-loader
2025-10-05T21:51:09.943Z next:jsconfig-paths-plugin moduleName did not match any paths pattern next-flight-client-entry-loader
2025-10-05T21:51:09.943Z next:jsconfig-paths-plugin moduleName did not match any paths pattern next-flight-client-entry-loader
2025-10-05T21:51:09.943Z next:jsconfig-paths-plugin moduleName did not match any paths pattern next-flight-client-entry-loader
2025-10-05T21:51:09.943Z next:jsconfig-paths-plugin moduleName did not match any paths pattern next-flight-client-entry-loader
2025-10-05T21:51:09.943Z next:jsconfig-paths-plugin moduleName did not match any paths pattern next-flight-client-entry-loader
2025-10-05T21:51:09.943Z next:jsconfig-paths-plugin moduleName did not match any paths pattern next-flight-client-entry-loader
2025-10-05T21:51:09.943Z next:jsconfig-paths-plugin moduleName did not match any paths pattern next-flight-client-entry-loader
2025-10-05T21:51:09.943Z next:jsconfig-paths-plugin moduleName did not match any paths pattern next-flight-client-entry-loader
2025-10-05T21:51:09.943Z next:jsconfig-paths-plugin moduleName did not match any paths pattern next-flight-client-entry-loader
2025-10-05T21:51:09.943Z next:jsconfig-paths-plugin moduleName did not match any paths pattern next-flight-client-entry-loader
2025-10-05T21:51:09.943Z next:jsconfig-paths-plugin moduleName did not match any paths pattern next-flight-client-entry-loader
2025-10-05T21:51:09.943Z next:jsconfig-paths-plugin moduleName did not match any paths pattern next-flight-client-entry-loader
2025-10-05T21:51:09.943Z next:jsconfig-paths-plugin moduleName did not match any paths pattern next-flight-client-entry-loader
2025-10-05T21:51:09.943Z next:jsconfig-paths-plugin moduleName did not match any paths pattern next-flight-client-entry-loader
2025-10-05T21:51:09.943Z next:jsconfig-paths-plugin moduleName did not match any paths pattern next-flight-client-entry-loader
2025-10-05T21:51:09.943Z next:jsconfig-paths-plugin moduleName did not match any paths pattern next-flight-client-entry-loader
2025-10-05T21:51:09.943Z next:jsconfig-paths-plugin moduleName did not match any paths pattern next-flight-client-entry-loader
2025-10-05T21:51:09.946Z next:jsconfig-paths-plugin moduleName did not match any paths pattern next-flight-client-entry-loader
2025-10-05T21:51:09.946Z next:jsconfig-paths-plugin moduleName did not match any paths pattern next-flight-client-entry-loader
2025-10-05T21:51:09.946Z next:jsconfig-paths-plugin moduleName did not match any paths pattern next-flight-client-entry-loader
2025-10-05T21:51:09.946Z next:jsconfig-paths-plugin moduleName did not match any paths pattern next-flight-client-entry-loader
2025-10-05T21:51:09.946Z next:jsconfig-paths-plugin moduleName did not match any paths pattern next-flight-client-entry-loader
2025-10-05T21:51:09.946Z next:jsconfig-paths-plugin moduleName did not match any paths pattern next-flight-client-entry-loader
2025-10-05T21:51:09.946Z next:jsconfig-paths-plugin moduleName did not match any paths pattern next-flight-client-entry-loader
2025-10-05T21:51:09.946Z next:jsconfig-paths-plugin moduleName did not match any paths pattern next-flight-client-entry-loader
2025-10-05T21:51:09.946Z next:jsconfig-paths-plugin moduleName did not match any paths pattern next-flight-client-entry-loader
2025-10-05T21:51:09.946Z next:jsconfig-paths-plugin moduleName did not match any paths pattern next-flight-client-entry-loader
2025-10-05T21:51:09.946Z next:jsconfig-paths-plugin moduleName did not match any paths pattern next-flight-client-entry-loader
2025-10-05T21:51:09.946Z next:jsconfig-paths-plugin moduleName did not match any paths pattern next-flight-client-entry-loader
2025-10-05T21:51:09.946Z next:jsconfig-paths-plugin moduleName did not match any paths pattern next-flight-client-entry-loader
2025-10-05T21:51:09.946Z next:jsconfig-paths-plugin moduleName did not match any paths pattern next-flight-client-entry-loader
2025-10-05T21:51:09.946Z next:jsconfig-paths-plugin moduleName did not match any paths pattern next-flight-client-entry-loader
2025-10-05T21:51:09.947Z next:jsconfig-paths-plugin moduleName did not match any paths pattern next-flight-client-entry-loader
2025-10-05T21:51:09.947Z next:jsconfig-paths-plugin moduleName did not match any paths pattern next-flight-client-entry-loader
2025-10-05T21:51:09.947Z next:jsconfig-paths-plugin moduleName did not match any paths pattern next-flight-client-entry-loader
2025-10-05T21:51:09.947Z next:jsconfig-paths-plugin moduleName did not match any paths pattern next-flight-client-entry-loader
2025-10-05T21:51:09.947Z next:jsconfig-paths-plugin moduleName did not match any paths pattern next-flight-client-entry-loader
2025-10-05T21:51:09.947Z next:jsconfig-paths-plugin moduleName did not match any paths pattern next-flight-client-entry-loader
2025-10-05T21:51:09.947Z next:jsconfig-paths-plugin moduleName did not match any paths pattern next-flight-client-entry-loader
2025-10-05T21:51:09.947Z next:jsconfig-paths-plugin moduleName did not match any paths pattern next-flight-client-entry-loader
2025-10-05T21:51:09.947Z next:jsconfig-paths-plugin moduleName did not match any paths pattern next-flight-client-entry-loader
2025-10-05T21:51:09.947Z next:jsconfig-paths-plugin moduleName did not match any paths pattern next-flight-client-entry-loader
2025-10-05T21:51:09.947Z next:jsconfig-paths-plugin moduleName did not match any paths pattern next-flight-client-entry-loader
2025-10-05T21:51:09.947Z next:jsconfig-paths-plugin moduleName did not match any paths pattern next-flight-client-entry-loader
2025-10-05T21:51:09.947Z next:jsconfig-paths-plugin moduleName did not match any paths pattern next-flight-client-entry-loader
2025-10-05T21:51:09.947Z next:jsconfig-paths-plugin moduleName did not match any paths pattern next-flight-client-entry-loader
2025-10-05T21:51:09.947Z next:jsconfig-paths-plugin moduleName did not match any paths pattern next-flight-client-entry-loader
2025-10-05T21:51:09.947Z next:jsconfig-paths-plugin moduleName did not match any paths pattern next-flight-client-entry-loader
2025-10-05T21:51:09.947Z next:jsconfig-paths-plugin moduleName did not match any paths pattern next-flight-client-entry-loader
2025-10-05T21:51:09.950Z next:jsconfig-paths-plugin moduleName did not match any paths pattern next-flight-client-entry-loader
2025-10-05T21:51:09.950Z next:jsconfig-paths-plugin moduleName did not match any paths pattern next-flight-client-entry-loader
2025-10-05T21:51:09.950Z next:jsconfig-paths-plugin moduleName did not match any paths pattern next-flight-client-entry-loader
2025-10-05T21:51:09.950Z next:jsconfig-paths-plugin moduleName did not match any paths pattern next-flight-client-entry-loader
2025-10-05T21:51:09.950Z next:jsconfig-paths-plugin moduleName did not match any paths pattern next-flight-client-entry-loader
2025-10-05T21:51:09.950Z next:jsconfig-paths-plugin moduleName did not match any paths pattern next-flight-client-entry-loader
2025-10-05T21:51:09.950Z next:jsconfig-paths-plugin moduleName did not match any paths pattern next-flight-client-entry-loader
2025-10-05T21:51:09.950Z next:jsconfig-paths-plugin moduleName did not match any paths pattern next-flight-client-entry-loader
2025-10-05T21:51:09.950Z next:jsconfig-paths-plugin moduleName did not match any paths pattern next-flight-client-entry-loader
2025-10-05T21:51:09.950Z next:jsconfig-paths-plugin moduleName did not match any paths pattern next-flight-client-entry-loader
2025-10-05T21:51:09.950Z next:jsconfig-paths-plugin moduleName did not match any paths pattern next-flight-client-entry-loader
2025-10-05T21:51:09.950Z next:jsconfig-paths-plugin moduleName did not match any paths pattern next-flight-client-entry-loader
2025-10-05T21:51:09.950Z next:jsconfig-paths-plugin moduleName did not match any paths pattern next-flight-client-entry-loader
2025-10-05T21:51:09.950Z next:jsconfig-paths-plugin moduleName did not match any paths pattern next-flight-client-entry-loader
2025-10-05T21:51:09.950Z next:jsconfig-paths-plugin moduleName did not match any paths pattern next-flight-client-entry-loader
2025-10-05T21:51:09.950Z next:jsconfig-paths-plugin moduleName did not match any paths pattern next-flight-client-entry-loader
2025-10-05T21:51:09.950Z next:jsconfig-paths-plugin moduleName did not match any paths pattern next-flight-client-entry-loader
2025-10-05T21:51:09.950Z next:jsconfig-paths-plugin moduleName did not match any paths pattern next-flight-client-entry-loader
2025-10-05T21:51:09.950Z next:jsconfig-paths-plugin moduleName did not match any paths pattern next-flight-client-entry-loader
2025-10-05T21:51:09.950Z next:jsconfig-paths-plugin moduleName did not match any paths pattern next-flight-client-entry-loader
2025-10-05T21:51:09.950Z next:jsconfig-paths-plugin moduleName did not match any paths pattern next-flight-client-entry-loader
2025-10-05T21:51:09.950Z next:jsconfig-paths-plugin moduleName did not match any paths pattern next-flight-client-entry-loader
2025-10-05T21:51:09.951Z next:jsconfig-paths-plugin moduleName did not match any paths pattern next-flight-client-entry-loader
2025-10-05T21:51:09.951Z next:jsconfig-paths-plugin moduleName did not match any paths pattern next-flight-client-entry-loader
2025-10-05T21:51:09.951Z next:jsconfig-paths-plugin moduleName did not match any paths pattern next-flight-client-entry-loader
2025-10-05T21:51:09.951Z next:jsconfig-paths-plugin moduleName did not match any paths pattern next-flight-client-entry-loader
2025-10-05T21:51:09.951Z next:jsconfig-paths-plugin moduleName did not match any paths pattern next-flight-client-entry-loader
2025-10-05T21:51:09.951Z next:jsconfig-paths-plugin moduleName did not match any paths pattern next-flight-client-entry-loader
2025-10-05T21:51:09.951Z next:jsconfig-paths-plugin moduleName did not match any paths pattern next-flight-client-entry-loader
2025-10-05T21:51:09.951Z next:jsconfig-paths-plugin moduleName did not match any paths pattern next-flight-client-entry-loader
2025-10-05T21:51:09.951Z next:jsconfig-paths-plugin moduleName did not match any paths pattern next-flight-client-entry-loader
2025-10-05T21:51:09.951Z next:jsconfig-paths-plugin moduleName did not match any paths pattern next-flight-client-entry-loader
2025-10-05T21:51:09.980Z next:jsconfig-paths-plugin moduleName did not match any paths pattern react-server-dom-webpack/client.edge
2025-10-05T21:51:09.980Z next:jsconfig-paths-plugin moduleName did not match any paths pattern react-server-dom-webpack/client.edge
2025-10-05T21:51:10.008Z next:jsconfig-paths-plugin moduleName did not match any paths pattern next-metadata-route-loader
2025-10-05T21:51:10.157Z next:jsconfig-paths-plugin moduleName did not match any paths pattern next-metadata-route-loader
2025-10-05T21:51:10.158Z next:jsconfig-paths-plugin moduleName did not match any paths pattern next-metadata-route-loader
2025-10-05T21:51:10.158Z next:jsconfig-paths-plugin moduleName did not match any paths pattern next-metadata-route-loader
2025-10-05T21:51:10.313Z next:build:webpack-build server compiler finished 960ms
2025-10-05T21:51:10.808Z next:jsconfig-paths-plugin tsconfig.json or jsconfig.json paths: { '@/*': [ './src/*' ] }
2025-10-05T21:51:10.808Z next:jsconfig-paths-plugin resolved baseUrl: {
  baseUrl: '/Users/prado/Desktop/Proyectos/Uncodie/Code/Workflows',
  isImplicit: true
}
2025-10-05T21:51:10.811Z next:jsconfig-paths-plugin tsconfig.json or jsconfig.json paths: { '@/*': [ './src/*' ] }
2025-10-05T21:51:10.811Z next:jsconfig-paths-plugin resolved baseUrl: {
  baseUrl: '/Users/prado/Desktop/Proyectos/Uncodie/Code/Workflows',
  isImplicit: true
}
2025-10-05T21:51:10.818Z next:jsconfig-paths-plugin tsconfig.json or jsconfig.json paths: { '@/*': [ './src/*' ] }
2025-10-05T21:51:10.818Z next:jsconfig-paths-plugin resolved baseUrl: {
  baseUrl: '/Users/prado/Desktop/Proyectos/Uncodie/Code/Workflows',
  isImplicit: true
}
2025-10-05T21:51:10.863Z next:build:webpack-build starting compiler edge-server
2025-10-05T21:51:10.863Z next:build:webpack-build starting edge-server compiler
2025-10-05T21:51:11.100Z next:build:webpack-build edge-server compiler finished 236ms
2025-10-05T21:51:11.570Z next:jsconfig-paths-plugin tsconfig.json or jsconfig.json paths: { '@/*': [ './src/*' ] }
2025-10-05T21:51:11.571Z next:jsconfig-paths-plugin resolved baseUrl: {
  baseUrl: '/Users/prado/Desktop/Proyectos/Uncodie/Code/Workflows',
  isImplicit: true
}
2025-10-05T21:51:11.574Z next:jsconfig-paths-plugin tsconfig.json or jsconfig.json paths: { '@/*': [ './src/*' ] }
2025-10-05T21:51:11.574Z next:jsconfig-paths-plugin resolved baseUrl: {
  baseUrl: '/Users/prado/Desktop/Proyectos/Uncodie/Code/Workflows',
  isImplicit: true
}
2025-10-05T21:51:11.580Z next:jsconfig-paths-plugin tsconfig.json or jsconfig.json paths: { '@/*': [ './src/*' ] }
2025-10-05T21:51:11.580Z next:jsconfig-paths-plugin resolved baseUrl: {
  baseUrl: '/Users/prado/Desktop/Proyectos/Uncodie/Code/Workflows',
  isImplicit: true
}
2025-10-05T21:51:11.623Z next:build:webpack-build starting compiler client
2025-10-05T21:51:11.623Z next:build:webpack-build starting client compiler
2025-10-05T21:51:12.398Z next:build:webpack-build client compiler finished 775ms
 ✓ Compiled successfully in 0ms
   Linting and checking validity of types ...
